SonarQube plugins:
  - SonarPython 1.16.0.4432 (python)
  - SonarCSS 1.1.1.1010 (cssfamily)
  - JaCoCo 1.0.2.475 (jacoco)
  - SonarGo 1.6.0.719 (go)
  - SonarKotlin 1.5.0.315 (kotlin)
  - Svn 1.9.0.1295 (scmsvn)
  - SonarJS 5.2.1.7778 (javascript)
  - SonarRuby 1.5.0.315 (ruby)
  - SonarScala 1.5.0.315 (sonarscala)
  - SonarC# 7.17.0.9346 (csharp)
  - SonarJava 5.14.0.18788 (java)
  - SonarHTML 3.2.0.2082 (web)
  - Git 1.9.1.1834 (scmgit)
  - SonarFlex 2.5.1.1831 (flex)
  - SonarXML 2.0.1.2020 (xml)
  - SonarPHP 3.2.0.4868 (php)
  - SonarTS 1.9.0.3766 (typescript)
  - SonarVB 7.17.0.9346 (vbnet)
Global server settings:
  - sonar.core.id=BF41A1F2-AW5vHBQkZGa-3zsxQXcq
  - sonar.core.startTime=2021-01-10T19:14:17+0530
Project server settings:
Project scanner properties:
  - sonar.coverage.exclusions=**/setupTests.js,**/index.js
  - sonar.exclusions=**/node_modules/**,**/*.spec.ts,**/coverage/**
  - sonar.host.url=http://localhost:9000
  - sonar.javascript.file.suffixes=.js,.jsx
  - sonar.javascript.lcov.reportPaths=coverage/lcov.info
  - sonar.projectBaseDir=/home/nineleaps/ReactProjects/hotelreserve
  - sonar.projectKey=HotelApp
  - sonar.projectName=HotelApp
  - sonar.projectVersion=1.0
  - sonar.scanner.app=ScannerCli
  - sonar.scanner.appVersion=4.2.0.1873
  - sonar.sourceEncoding=UTF-8
  - sonar.sources=src
  - sonar.test.inclusions=**/*.spec.ts,**/*.test.js,**/*.test.jsx
  - sonar.ts.lcov.reportpath=test-results/coverage/coverage.lcov
  - sonar.ts.tslintconfigpath=tslint.json
  - sonar.verbose=true
  - sonar.working.directory=/home/nineleaps/ReactProjects/hotelreserve/.scannerwork
